Using pre-set license
Built from '2020.3/release' branch; Version is '2020.3.12f1 (b3b2c6512326) revision 11776710'; Using compiler version '192528614'; Build Type 'Release'
OS: 'Windows 10 Home; OS build 19042.1052; Version 2009; 64bit' Language: 'ko' Physical Memory: 16315 MB
BatchMode: 1, IsHumanControllingUs: 0, StartBugReporterOnCrash: 0, Is64bit: 1, IsPro: 0

 COMMAND LINE ARGUMENTS:
C:\Program Files\Unity\Hub\Editor\2020.3.12f1\Editor\Unity.exe
-adb2
-batchMode
-noUpm
-name
AssetImportWorker0
-projectPath
C:/Users/sodau/tacticsRPG
-logFile
Logs/AssetImportWorker0.log
-srvPort
2195
Successfully changed project path to: C:/Users/sodau/tacticsRPG
C:/Users/sodau/tacticsRPG
Using Asset Import Pipeline V2.
Refreshing native plugins compatible for Editor in 32.67 ms, found 2 plugins.
Preloading 0 native plugins for Editor in 0.00 ms.
Initialize engine version: 2020.3.12f1 (b3b2c6512326)
[Subsystems] Discovering subsystems at path C:/Program Files/Unity/Hub/Editor/2020.3.12f1/Editor/Data/Resources/UnitySubsystems
[Subsystems] Discovering subsystems at path C:/Users/sodau/tacticsRPG/Assets
GfxDevice: creating device client; threaded=0
Direct3D:
    Version:  Direct3D 11.0 [level 11.1]
    Renderer: Radeon RX 570 Series (ID=0x67df)
    Vendor:   
    VRAM:     4075 MB
    Driver:   27.20.21003.8013
Initialize mono
Mono path[0] = 'C:/Program Files/Unity/Hub/Editor/2020.3.12f1/Editor/Data/Managed'
Mono path[1] = 'C:/Program Files/Unity/Hub/Editor/2020.3.12f1/Editor/Data/MonoBleedingEdge/lib/mono/unityjit'
Mono config path = 'C:/Program Files/Unity/Hub/Editor/2020.3.12f1/Editor/Data/MonoBleedingEdge/etc'
Using monoOptions --debugger-agent=transport=dt_socket,embedding=1,server=y,suspend=n,address=127.0.0.1:56120
Begin MonoManager ReloadAssembly
Registering precompiled unity dll's ...
Register platform support module: C:/Program Files/Unity/Hub/Editor/2020.3.12f1/Editor/Data/PlaybackEngines/WebGLSupport/UnityEditor.WebGL.Extensions.dll
Register platform support module: C:/Program Files/Unity/Hub/Editor/2020.3.12f1/Editor/Data/PlaybackEngines/WindowsStandaloneSupport/UnityEditor.WindowsStandalone.Extensions.dll
Registered in 0.002758 seconds.
Native extension for WindowsStandalone target not found
Native extension for WebGL target not found
Refreshing native plugins compatible for Editor in 30.86 ms, found 2 plugins.
Preloading 0 native plugins for Editor in 0.00 ms.
Mono: successfully reloaded assembly
- Completed reload, in  1.998 seconds
Platform modules already initialized, skipping
Registering precompiled user dll's ...
Registered in 0.004607 seconds.
Begin MonoManager ReloadAssembly
Native extension for WindowsStandalone target not found
Native extension for WebGL target not found
Refreshing native plugins compatible for Editor in 0.34 ms, found 2 plugins.
Preloading 0 native plugins for Editor in 0.00 ms.
Mono: successfully reloaded assembly
- Completed reload, in  0.950 seconds
Platform modules already initialized, skipping
========================================================================
Worker process is ready to serve import requests
Launched and connected shader compiler UnityShaderCompiler.exe after 0.05 seconds
Refreshing native plugins compatible for Editor in 0.36 ms, found 2 plugins.
Preloading 0 native plugins for Editor in 0.00 ms.
Unloading 1690 Unused Serialized files (Serialized files now loaded: 0)
System memory in use before: 80.4 MB.
System memory in use after: 80.5 MB.

Unloading 19 unused Assets to reduce memory usage. Loaded Objects now: 2123.
Total: 1.832400 ms (FindLiveObjects: 0.168600 ms CreateObjectMapping: 0.038900 ms MarkObjects: 1.550000 ms  DeleteObjects: 0.074200 ms)

AssetImportParameters requested are different than current active one (requested -> active):
  custom:framework-win-MediaFoundation: 216162199b28c13a410421893ffa2e32 -> 
  custom:video-decoder-ogg-theora: a1e56fd34408186e4bbccfd4996cb3dc -> 
  custom:container-muxer-webm: aa71ff27fc2769a1b78a27578f13a17b -> 
  custom:container-demuxer-webm: 4f35f7cbe854078d1ac9338744f61a02 -> 
  custom:container-demuxer-ogg: 62fdf1f143b41e24485cea50d1cbac27 -> 
  custom:video-encoder-webm-vp8: eb34c28f22e8b96e1ab97ce403110664 -> 
  custom:video-decoder-webm-vp8: 9c59270c3fd7afecdb556c50c9e8de78 -> 
  custom:audio-decoder-ogg-vorbis: bf7c407c2cedff20999df2af8eb42d56 -> 
  custom:audio-encoder-webm-vorbis: bf7c407c2cedff20999df2af8eb42d56 -> 
========================================================================
Received Import Request.
  path: Assets/Scripts/Model
  artifactKey: Guid(6b95735e6a48c2841a32ad7b9db0a21b) Importer(815301076,1909f56bfc062723c751e8b465ee728b)
Start importing Assets/Scripts/Model using Guid(6b95735e6a48c2841a32ad7b9db0a21b) Importer(815301076,1909f56bfc062723c751e8b465ee728b)  -> (artifact id: '38ceb9e85a91744c36c9eb55f203bdbd') in 0.004845 seconds 
  Import took 0.008551 seconds .

========================================================================
Received Import Request.
  Time since last request: 26.560245 seconds.
  path: Assets/Scripts/Model/Point.cs
  artifactKey: Guid(9aad43288f79660469594abaf7317532) Importer(815301076,1909f56bfc062723c751e8b465ee728b)
Start importing Assets/Scripts/Model/Point.cs using Guid(9aad43288f79660469594abaf7317532) Importer(815301076,1909f56bfc062723c751e8b465ee728b)  -> (artifact id: '337cacc2b095d2dca9ab04ae4add7eac') in 0.024229 seconds 
  Import took 0.026695 seconds .

========================================================================
Received Import Request.
  Time since last request: 29.185396 seconds.
  path: Assets/Scripts/Model/Point.cs
  artifactKey: Guid(9aad43288f79660469594abaf7317532) Importer(815301076,1909f56bfc062723c751e8b465ee728b)
Start importing Assets/Scripts/Model/Point.cs using Guid(9aad43288f79660469594abaf7317532) Importer(815301076,1909f56bfc062723c751e8b465ee728b)  -> (artifact id: '931753c6c18762376f2addfded9f5147') in 0.001800 seconds 
  Import took 0.006157 seconds .

========================================================================
Received Import Request.
  Time since last request: 466.190238 seconds.
  path: Assets/Scripts/Model/Point.cs
  artifactKey: Guid(9aad43288f79660469594abaf7317532) Importer(815301076,1909f56bfc062723c751e8b465ee728b)
Start importing Assets/Scripts/Model/Point.cs using Guid(9aad43288f79660469594abaf7317532) Importer(815301076,1909f56bfc062723c751e8b465ee728b)  -> (artifact id: 'ae3d6dfd4242f46d55019234df112dde') in 0.002038 seconds 
  Import took 0.004870 seconds .

========================================================================
Received Import Request.
  Time since last request: 51.026799 seconds.
  path: Assets/Scripts/Model/Point.cs
  artifactKey: Guid(9aad43288f79660469594abaf7317532) Importer(815301076,1909f56bfc062723c751e8b465ee728b)
Start importing Assets/Scripts/Model/Point.cs using Guid(9aad43288f79660469594abaf7317532) Importer(815301076,1909f56bfc062723c751e8b465ee728b)  -> (artifact id: '595d23fc9d23eb2bff5c7e92b3fcdc4a') in 0.001875 seconds 
  Import took 0.004332 seconds .

========================================================================
Received Import Request.
  Time since last request: 27.572740 seconds.
  path: Assets/Scripts/Model/Point.cs
  artifactKey: Guid(9aad43288f79660469594abaf7317532) Importer(815301076,1909f56bfc062723c751e8b465ee728b)
Start importing Assets/Scripts/Model/Point.cs using Guid(9aad43288f79660469594abaf7317532) Importer(815301076,1909f56bfc062723c751e8b465ee728b)  -> (artifact id: '0ae5e6b3947bb72e25be1905e466cdf7') in 0.001923 seconds 
  Import took 0.004250 seconds .

========================================================================
Received Import Request.
  Time since last request: 252.671838 seconds.
  path: Assets/Scripts/Model/Point.cs
  artifactKey: Guid(9aad43288f79660469594abaf7317532) Importer(815301076,1909f56bfc062723c751e8b465ee728b)
Start importing Assets/Scripts/Model/Point.cs using Guid(9aad43288f79660469594abaf7317532) Importer(815301076,1909f56bfc062723c751e8b465ee728b)  -> (artifact id: '19b4ba7a0997730ebf5e291768d4b5d3') in 0.002010 seconds 
  Import took 0.004788 seconds .

========================================================================
Received Import Request.
  Time since last request: 79.061285 seconds.
  path: Assets/Scripts/Model/Point.cs
  artifactKey: Guid(9aad43288f79660469594abaf7317532) Importer(815301076,1909f56bfc062723c751e8b465ee728b)
Start importing Assets/Scripts/Model/Point.cs using Guid(9aad43288f79660469594abaf7317532) Importer(815301076,1909f56bfc062723c751e8b465ee728b)  -> (artifact id: 'c3918088efe06d0f30f910ce36c2af30') in 0.001878 seconds 
  Import took 0.004401 seconds .

========================================================================
Received Prepare
Registering precompiled user dll's ...
Registered in 0.004275 seconds.
Begin MonoManager ReloadAssembly
Native extension for WindowsStandalone target not found
Native extension for WebGL target not found
Refreshing native plugins compatible for Editor in 0.42 ms, found 2 plugins.
Preloading 0 native plugins for Editor in 0.00 ms.
Mono: successfully reloaded assembly
- Completed reload, in  0.872 seconds
Platform modules already initialized, skipping
Refreshing native plugins compatible for Editor in 0.27 ms, found 2 plugins.
Preloading 0 native plugins for Editor in 0.00 ms.
Unloading 1685 Unused Serialized files (Serialized files now loaded: 0)
System memory in use before: 80.3 MB.
System memory in use after: 80.4 MB.

Unloading 14 unused Assets to reduce memory usage. Loaded Objects now: 2127.
Total: 1.798200 ms (FindLiveObjects: 0.158000 ms CreateObjectMapping: 0.038000 ms MarkObjects: 1.548500 ms  DeleteObjects: 0.052900 ms)

AssetImportParameters requested are different than current active one (requested -> active):
  custom:framework-win-MediaFoundation: 216162199b28c13a410421893ffa2e32 -> 
  custom:video-decoder-ogg-theora: a1e56fd34408186e4bbccfd4996cb3dc -> 
  custom:container-muxer-webm: aa71ff27fc2769a1b78a27578f13a17b -> 
  custom:container-demuxer-webm: 4f35f7cbe854078d1ac9338744f61a02 -> 
  custom:container-demuxer-ogg: 62fdf1f143b41e24485cea50d1cbac27 -> 
  custom:video-encoder-webm-vp8: eb34c28f22e8b96e1ab97ce403110664 -> 
  custom:video-decoder-webm-vp8: 9c59270c3fd7afecdb556c50c9e8de78 -> 
  custom:audio-decoder-ogg-vorbis: bf7c407c2cedff20999df2af8eb42d56 -> 
  custom:audio-encoder-webm-vorbis: bf7c407c2cedff20999df2af8eb42d56 -> 
========================================================================
Received Import Request.
  Time since last request: 138.966849 seconds.
  path: Assets/Scripts/ViewModelComponent
  artifactKey: Guid(5e0c407bd7d936a41bb1e281472dccad) Importer(815301076,1909f56bfc062723c751e8b465ee728b)
Start importing Assets/Scripts/ViewModelComponent using Guid(5e0c407bd7d936a41bb1e281472dccad) Importer(815301076,1909f56bfc062723c751e8b465ee728b)  -> (artifact id: 'c2557a9c1bb86dbb466d051954027ce5') in 0.004346 seconds 
  Import took 0.007197 seconds .

========================================================================
Received Import Request.
  Time since last request: 10.161320 seconds.
  path: Assets/Scripts/ViewModelComponent/Tile.cs
  artifactKey: Guid(434c06c3f6cb0e64285dcb18d2f878e9) Importer(815301076,1909f56bfc062723c751e8b465ee728b)
Start importing Assets/Scripts/ViewModelComponent/Tile.cs using Guid(434c06c3f6cb0e64285dcb18d2f878e9) Importer(815301076,1909f56bfc062723c751e8b465ee728b)  -> (artifact id: '01eb34b259d037b41ef8513fad11b46c') in 0.002272 seconds 
  Import took 0.005017 seconds .

========================================================================
Received Prepare
Registering precompiled user dll's ...
Registered in 0.004331 seconds.
Begin MonoManager ReloadAssembly
Native extension for WindowsStandalone target not found
Native extension for WebGL target not found
Refreshing native plugins compatible for Editor in 0.34 ms, found 2 plugins.
Preloading 0 native plugins for Editor in 0.00 ms.
Mono: successfully reloaded assembly
- Completed reload, in  0.904 seconds
Platform modules already initialized, skipping
Refreshing native plugins compatible for Editor in 0.34 ms, found 2 plugins.
Preloading 0 native plugins for Editor in 0.00 ms.
Unloading 1686 Unused Serialized files (Serialized files now loaded: 0)
System memory in use before: 80.3 MB.
System memory in use after: 80.4 MB.

Unloading 14 unused Assets to reduce memory usage. Loaded Objects now: 2131.
Total: 1.794300 ms (FindLiveObjects: 0.207100 ms CreateObjectMapping: 0.042400 ms MarkObjects: 1.492900 ms  DeleteObjects: 0.051000 ms)

AssetImportParameters requested are different than current active one (requested -> active):
  custom:framework-win-MediaFoundation: 216162199b28c13a410421893ffa2e32 -> 
  custom:video-decoder-ogg-theora: a1e56fd34408186e4bbccfd4996cb3dc -> 
  custom:container-muxer-webm: aa71ff27fc2769a1b78a27578f13a17b -> 
  custom:container-demuxer-webm: 4f35f7cbe854078d1ac9338744f61a02 -> 
  custom:container-demuxer-ogg: 62fdf1f143b41e24485cea50d1cbac27 -> 
  custom:video-encoder-webm-vp8: eb34c28f22e8b96e1ab97ce403110664 -> 
  custom:video-decoder-webm-vp8: 9c59270c3fd7afecdb556c50c9e8de78 -> 
  custom:audio-decoder-ogg-vorbis: bf7c407c2cedff20999df2af8eb42d56 -> 
  custom:audio-encoder-webm-vorbis: bf7c407c2cedff20999df2af8eb42d56 -> 
========================================================================
Received Import Request.
  Time since last request: 20.802203 seconds.
  path: Assets/Prefabs/Tile.prefab
  artifactKey: Guid(6848fcc623feb0e4b90defc3d3ed031d) Importer(815301076,1909f56bfc062723c751e8b465ee728b)
Start importing Assets/Prefabs/Tile.prefab using Guid(6848fcc623feb0e4b90defc3d3ed031d) Importer(815301076,1909f56bfc062723c751e8b465ee728b)  -> (artifact id: '9464bd32d1afab2de0679d335810dc92') in 0.078907 seconds 
  Import took 0.081880 seconds .

========================================================================
Received Prepare
Registering precompiled user dll's ...
Registered in 0.004740 seconds.
Begin MonoManager ReloadAssembly
Native extension for WindowsStandalone target not found
Native extension for WebGL target not found
Refreshing native plugins compatible for Editor in 0.37 ms, found 2 plugins.
Preloading 0 native plugins for Editor in 0.00 ms.
Mono: successfully reloaded assembly
- Completed reload, in  0.902 seconds
Platform modules already initialized, skipping
Refreshing native plugins compatible for Editor in 0.34 ms, found 2 plugins.
Preloading 0 native plugins for Editor in 0.00 ms.
Unloading 1686 Unused Serialized files (Serialized files now loaded: 0)
System memory in use before: 83.5 MB.
System memory in use after: 83.6 MB.

Unloading 14 unused Assets to reduce memory usage. Loaded Objects now: 2142.
Total: 2.084700 ms (FindLiveObjects: 0.305600 ms CreateObjectMapping: 0.041100 ms MarkObjects: 1.675500 ms  DeleteObjects: 0.061300 ms)

AssetImportParameters requested are different than current active one (requested -> active):
  custom:framework-win-MediaFoundation: 216162199b28c13a410421893ffa2e32 -> 
  custom:video-decoder-ogg-theora: a1e56fd34408186e4bbccfd4996cb3dc -> 
  custom:container-muxer-webm: aa71ff27fc2769a1b78a27578f13a17b -> 
  custom:container-demuxer-webm: 4f35f7cbe854078d1ac9338744f61a02 -> 
  custom:container-demuxer-ogg: 62fdf1f143b41e24485cea50d1cbac27 -> 
  custom:video-encoder-webm-vp8: eb34c28f22e8b96e1ab97ce403110664 -> 
  custom:video-decoder-webm-vp8: 9c59270c3fd7afecdb556c50c9e8de78 -> 
  custom:audio-decoder-ogg-vorbis: bf7c407c2cedff20999df2af8eb42d56 -> 
  custom:audio-encoder-webm-vorbis: bf7c407c2cedff20999df2af8eb42d56 -> 
========================================================================
Received Prepare
Registering precompiled user dll's ...
Registered in 0.004367 seconds.
Begin MonoManager ReloadAssembly
Native extension for WindowsStandalone target not found
Native extension for WebGL target not found
Refreshing native plugins compatible for Editor in 0.34 ms, found 2 plugins.
Preloading 0 native plugins for Editor in 0.00 ms.
Mono: successfully reloaded assembly
- Completed reload, in  0.874 seconds
Platform modules already initialized, skipping
Refreshing native plugins compatible for Editor in 0.36 ms, found 2 plugins.
Preloading 0 native plugins for Editor in 0.00 ms.
Unloading 1686 Unused Serialized files (Serialized files now loaded: 0)
System memory in use before: 83.5 MB.
System memory in use after: 83.6 MB.

Unloading 14 unused Assets to reduce memory usage. Loaded Objects now: 2145.
Total: 1.791300 ms (FindLiveObjects: 0.148500 ms CreateObjectMapping: 0.038800 ms MarkObjects: 1.555000 ms  DeleteObjects: 0.048000 ms)

AssetImportParameters requested are different than current active one (requested -> active):
  custom:framework-win-MediaFoundation: 216162199b28c13a410421893ffa2e32 -> 
  custom:video-decoder-ogg-theora: a1e56fd34408186e4bbccfd4996cb3dc -> 
  custom:container-muxer-webm: aa71ff27fc2769a1b78a27578f13a17b -> 
  custom:container-demuxer-webm: 4f35f7cbe854078d1ac9338744f61a02 -> 
  custom:container-demuxer-ogg: 62fdf1f143b41e24485cea50d1cbac27 -> 
  custom:video-encoder-webm-vp8: eb34c28f22e8b96e1ab97ce403110664 -> 
  custom:video-decoder-webm-vp8: 9c59270c3fd7afecdb556c50c9e8de78 -> 
  custom:audio-decoder-ogg-vorbis: bf7c407c2cedff20999df2af8eb42d56 -> 
  custom:audio-encoder-webm-vorbis: bf7c407c2cedff20999df2af8eb42d56 -> 
========================================================================
Received Import Request.
  Time since last request: 429.160630 seconds.
  path: Assets/Scripts/Model/LevelData.cs
  artifactKey: Guid(cd2f743b550c5f14da1f2827547c5321) Importer(815301076,1909f56bfc062723c751e8b465ee728b)
Start importing Assets/Scripts/Model/LevelData.cs using Guid(cd2f743b550c5f14da1f2827547c5321) Importer(815301076,1909f56bfc062723c751e8b465ee728b)  -> (artifact id: '6945b80b0bed4e9f42a78d16f99df44a') in 0.004671 seconds 
  Import took 0.007242 seconds .

========================================================================
Received Prepare
Registering precompiled user dll's ...
Registered in 0.004149 seconds.
Begin MonoManager ReloadAssembly
Native extension for WindowsStandalone target not found
Native extension for WebGL target not found
Refreshing native plugins compatible for Editor in 0.38 ms, found 2 plugins.
Preloading 0 native plugins for Editor in 0.00 ms.
Mono: successfully reloaded assembly
- Completed reload, in  0.921 seconds
Platform modules already initialized, skipping
Refreshing native plugins compatible for Editor in 0.34 ms, found 2 plugins.
Preloading 0 native plugins for Editor in 0.00 ms.
Unloading 1687 Unused Serialized files (Serialized files now loaded: 0)
System memory in use before: 83.5 MB.
System memory in use after: 83.6 MB.

Unloading 14 unused Assets to reduce memory usage. Loaded Objects now: 2149.
Total: 1.779000 ms (FindLiveObjects: 0.155100 ms CreateObjectMapping: 0.038300 ms MarkObjects: 1.534100 ms  DeleteObjects: 0.050600 ms)

AssetImportParameters requested are different than current active one (requested -> active):
  custom:framework-win-MediaFoundation: 216162199b28c13a410421893ffa2e32 -> 
  custom:video-decoder-ogg-theora: a1e56fd34408186e4bbccfd4996cb3dc -> 
  custom:container-muxer-webm: aa71ff27fc2769a1b78a27578f13a17b -> 
  custom:container-demuxer-webm: 4f35f7cbe854078d1ac9338744f61a02 -> 
  custom:container-demuxer-ogg: 62fdf1f143b41e24485cea50d1cbac27 -> 
  custom:video-encoder-webm-vp8: eb34c28f22e8b96e1ab97ce403110664 -> 
  custom:video-decoder-webm-vp8: 9c59270c3fd7afecdb556c50c9e8de78 -> 
  custom:audio-decoder-ogg-vorbis: bf7c407c2cedff20999df2af8eb42d56 -> 
  custom:audio-encoder-webm-vorbis: bf7c407c2cedff20999df2af8eb42d56 -> 
========================================================================
Received Prepare
Registering precompiled user dll's ...
Registered in 0.004437 seconds.
Begin MonoManager ReloadAssembly
Native extension for WindowsStandalone target not found
Native extension for WebGL target not found
Refreshing native plugins compatible for Editor in 0.34 ms, found 2 plugins.
Preloading 0 native plugins for Editor in 0.00 ms.
Mono: successfully reloaded assembly
- Completed reload, in  0.875 seconds
Platform modules already initialized, skipping
Refreshing native plugins compatible for Editor in 0.37 ms, found 2 plugins.
Preloading 0 native plugins for Editor in 0.00 ms.
Unloading 1687 Unused Serialized files (Serialized files now loaded: 0)
System memory in use before: 83.5 MB.
System memory in use after: 83.6 MB.

Unloading 14 unused Assets to reduce memory usage. Loaded Objects now: 2152.
Total: 1.815000 ms (FindLiveObjects: 0.157000 ms CreateObjectMapping: 0.038700 ms MarkObjects: 1.565900 ms  DeleteObjects: 0.052500 ms)

AssetImportParameters requested are different than current active one (requested -> active):
  custom:framework-win-MediaFoundation: 216162199b28c13a410421893ffa2e32 -> 
  custom:video-decoder-ogg-theora: a1e56fd34408186e4bbccfd4996cb3dc -> 
  custom:container-muxer-webm: aa71ff27fc2769a1b78a27578f13a17b -> 
  custom:container-demuxer-webm: 4f35f7cbe854078d1ac9338744f61a02 -> 
  custom:container-demuxer-ogg: 62fdf1f143b41e24485cea50d1cbac27 -> 
  custom:video-encoder-webm-vp8: eb34c28f22e8b96e1ab97ce403110664 -> 
  custom:video-decoder-webm-vp8: 9c59270c3fd7afecdb556c50c9e8de78 -> 
  custom:audio-decoder-ogg-vorbis: bf7c407c2cedff20999df2af8eb42d56 -> 
  custom:audio-encoder-webm-vorbis: bf7c407c2cedff20999df2af8eb42d56 -> 
========================================================================
Received Import Request.
  Time since last request: 126.955848 seconds.
  path: Assets/Scripts/Model/LevelData.cs
  artifactKey: Guid(cd2f743b550c5f14da1f2827547c5321) Importer(815301076,1909f56bfc062723c751e8b465ee728b)
Start importing Assets/Scripts/Model/LevelData.cs using Guid(cd2f743b550c5f14da1f2827547c5321) Importer(815301076,1909f56bfc062723c751e8b465ee728b)  -> (artifact id: '9388b384919fbcca813a5f5e39ba456f') in 0.004462 seconds 
  Import took 0.006870 seconds .

========================================================================
Received Import Request.
  Time since last request: 6.183876 seconds.
  path: Assets/Scripts/PreProduction
  artifactKey: Guid(b2de06231397a9d4cbd0d2e81ddf8c05) Importer(815301076,1909f56bfc062723c751e8b465ee728b)
Start importing Assets/Scripts/PreProduction using Guid(b2de06231397a9d4cbd0d2e81ddf8c05) Importer(815301076,1909f56bfc062723c751e8b465ee728b)  -> (artifact id: 'bedd9b150688ba2182e8cd8385a63b4e') in 0.001913 seconds 
  Import took 0.004445 seconds .

========================================================================
Received Import Request.
  Time since last request: 34.759053 seconds.
  path: Assets/Scripts/PreProduction/BoardCreator.cs
  artifactKey: Guid(808c5897be34d864aa3e1c255f03628e) Importer(815301076,1909f56bfc062723c751e8b465ee728b)
Start importing Assets/Scripts/PreProduction/BoardCreator.cs using Guid(808c5897be34d864aa3e1c255f03628e) Importer(815301076,1909f56bfc062723c751e8b465ee728b)  -> (artifact id: 'd7d360dad7d906d364904c11ce8d583b') in 0.001900 seconds 
  Import took 0.004410 seconds .

========================================================================
Received Prepare
Registering precompiled user dll's ...
Registered in 0.004285 seconds.
Begin MonoManager ReloadAssembly
Native extension for WindowsStandalone target not found
Native extension for WebGL target not found
Refreshing native plugins compatible for Editor in 0.37 ms, found 2 plugins.
Preloading 0 native plugins for Editor in 0.00 ms.
Mono: successfully reloaded assembly
- Completed reload, in  0.904 seconds
Platform modules already initialized, skipping
Refreshing native plugins compatible for Editor in 0.34 ms, found 2 plugins.
Preloading 0 native plugins for Editor in 0.00 ms.
Unloading 1688 Unused Serialized files (Serialized files now loaded: 0)
System memory in use before: 83.6 MB.
System memory in use after: 83.6 MB.

Unloading 14 unused Assets to reduce memory usage. Loaded Objects now: 2156.
Total: 1.873600 ms (FindLiveObjects: 0.180300 ms CreateObjectMapping: 0.039900 ms MarkObjects: 1.595600 ms  DeleteObjects: 0.056700 ms)

AssetImportParameters requested are different than current active one (requested -> active):
  custom:framework-win-MediaFoundation: 216162199b28c13a410421893ffa2e32 -> 
  custom:video-decoder-ogg-theora: a1e56fd34408186e4bbccfd4996cb3dc -> 
  custom:container-muxer-webm: aa71ff27fc2769a1b78a27578f13a17b -> 
  custom:container-demuxer-webm: 4f35f7cbe854078d1ac9338744f61a02 -> 
  custom:container-demuxer-ogg: 62fdf1f143b41e24485cea50d1cbac27 -> 
  custom:video-encoder-webm-vp8: eb34c28f22e8b96e1ab97ce403110664 -> 
  custom:video-decoder-webm-vp8: 9c59270c3fd7afecdb556c50c9e8de78 -> 
  custom:audio-decoder-ogg-vorbis: bf7c407c2cedff20999df2af8eb42d56 -> 
  custom:audio-encoder-webm-vorbis: bf7c407c2cedff20999df2af8eb42d56 -> 
========================================================================
Received Import Request.
  Time since last request: 43.333531 seconds.
  path: Assets/Prefabs/TileSelectionIndicator.prefab
  artifactKey: Guid(f308b08eb921e9c4b8e7043a34368952) Importer(815301076,1909f56bfc062723c751e8b465ee728b)
Start importing Assets/Prefabs/TileSelectionIndicator.prefab using Guid(f308b08eb921e9c4b8e7043a34368952) Importer(815301076,1909f56bfc062723c751e8b465ee728b)  -> (artifact id: '0b3b232dd128e09967e20285628b75eb') in 0.047681 seconds 
  Import took 0.050404 seconds .

========================================================================
Received Import Request.
  Time since last request: 0.000833 seconds.
  path: Assets/Prefabs/TileSelectionIndicator.prefab
  artifactKey: Guid(f308b08eb921e9c4b8e7043a34368952) Importer(815301076,1909f56bfc062723c751e8b465ee728b)
Start importing Assets/Prefabs/TileSelectionIndicator.prefab using Guid(f308b08eb921e9c4b8e7043a34368952) Importer(815301076,1909f56bfc062723c751e8b465ee728b)  -> (artifact id: '0b3b232dd128e09967e20285628b75eb') in 0.006916 seconds 
  Import took 0.009284 seconds .

========================================================================
Received Prepare
Registering precompiled user dll's ...
Registered in 0.004379 seconds.
Begin MonoManager ReloadAssembly
Native extension for WindowsStandalone target not found
Native extension for WebGL target not found
Refreshing native plugins compatible for Editor in 0.37 ms, found 2 plugins.
Preloading 0 native plugins for Editor in 0.00 ms.
Mono: successfully reloaded assembly
- Completed reload, in  0.866 seconds
Platform modules already initialized, skipping
Refreshing native plugins compatible for Editor in 0.28 ms, found 2 plugins.
Preloading 0 native plugins for Editor in 0.00 ms.
Unloading 1688 Unused Serialized files (Serialized files now loaded: 0)
System memory in use before: 83.6 MB.
System memory in use after: 83.7 MB.

Unloading 14 unused Assets to reduce memory usage. Loaded Objects now: 2160.
Total: 1.847700 ms (FindLiveObjects: 0.190100 ms CreateObjectMapping: 0.040300 ms MarkObjects: 1.563500 ms  DeleteObjects: 0.052800 ms)

AssetImportParameters requested are different than current active one (requested -> active):
  custom:framework-win-MediaFoundation: 216162199b28c13a410421893ffa2e32 -> 
  custom:video-decoder-ogg-theora: a1e56fd34408186e4bbccfd4996cb3dc -> 
  custom:container-muxer-webm: aa71ff27fc2769a1b78a27578f13a17b -> 
  custom:container-demuxer-webm: 4f35f7cbe854078d1ac9338744f61a02 -> 
  custom:container-demuxer-ogg: 62fdf1f143b41e24485cea50d1cbac27 -> 
  custom:video-encoder-webm-vp8: eb34c28f22e8b96e1ab97ce403110664 -> 
  custom:video-decoder-webm-vp8: 9c59270c3fd7afecdb556c50c9e8de78 -> 
  custom:audio-decoder-ogg-vorbis: bf7c407c2cedff20999df2af8eb42d56 -> 
  custom:audio-encoder-webm-vorbis: bf7c407c2cedff20999df2af8eb42d56 -> 
========================================================================
Received Import Request.
  Time since last request: 2029.109445 seconds.
  path: Assets/Editor/BoardCreatorInspector.cs
  artifactKey: Guid(89a23113f3fd89449aaf4e426e3b79d6) Importer(815301076,1909f56bfc062723c751e8b465ee728b)
Start importing Assets/Editor/BoardCreatorInspector.cs using Guid(89a23113f3fd89449aaf4e426e3b79d6) Importer(815301076,1909f56bfc062723c751e8b465ee728b)  -> (artifact id: '11c5f82c839321b26e12110e9c7762c0') in 0.004333 seconds 
  Import took 0.006970 seconds .

========================================================================
Received Prepare
Registering precompiled user dll's ...
Registered in 0.004327 seconds.
Begin MonoManager ReloadAssembly
Native extension for WindowsStandalone target not found
Native extension for WebGL target not found
Refreshing native plugins compatible for Editor in 0.34 ms, found 2 plugins.
Preloading 0 native plugins for Editor in 0.00 ms.
Mono: successfully reloaded assembly
- Completed reload, in  0.897 seconds
Platform modules already initialized, skipping
Refreshing native plugins compatible for Editor in 0.38 ms, found 2 plugins.
Preloading 0 native plugins for Editor in 0.00 ms.
Unloading 1689 Unused Serialized files (Serialized files now loaded: 0)
System memory in use before: 83.6 MB.
System memory in use after: 83.7 MB.

Unloading 14 unused Assets to reduce memory usage. Loaded Objects now: 2164.
Total: 2.017300 ms (FindLiveObjects: 0.161600 ms CreateObjectMapping: 0.038100 ms MarkObjects: 1.764100 ms  DeleteObjects: 0.052600 ms)

AssetImportParameters requested are different than current active one (requested -> active):
  custom:framework-win-MediaFoundation: 216162199b28c13a410421893ffa2e32 -> 
  custom:video-decoder-ogg-theora: a1e56fd34408186e4bbccfd4996cb3dc -> 
  custom:container-muxer-webm: aa71ff27fc2769a1b78a27578f13a17b -> 
  custom:container-demuxer-webm: 4f35f7cbe854078d1ac9338744f61a02 -> 
  custom:container-demuxer-ogg: 62fdf1f143b41e24485cea50d1cbac27 -> 
  custom:video-encoder-webm-vp8: eb34c28f22e8b96e1ab97ce403110664 -> 
  custom:video-decoder-webm-vp8: 9c59270c3fd7afecdb556c50c9e8de78 -> 
  custom:audio-decoder-ogg-vorbis: bf7c407c2cedff20999df2af8eb42d56 -> 
  custom:audio-encoder-webm-vorbis: bf7c407c2cedff20999df2af8eb42d56 -> 
========================================================================
Received Prepare
Registering precompiled user dll's ...
Registered in 0.004334 seconds.
Begin MonoManager ReloadAssembly
Native extension for WindowsStandalone target not found
Native extension for WebGL target not found
Refreshing native plugins compatible for Editor in 0.42 ms, found 2 plugins.
Preloading 0 native plugins for Editor in 0.00 ms.
Mono: successfully reloaded assembly
- Completed reload, in  0.879 seconds
Platform modules already initialized, skipping
Refreshing native plugins compatible for Editor in 0.33 ms, found 2 plugins.
Preloading 0 native plugins for Editor in 0.00 ms.
Unloading 1689 Unused Serialized files (Serialized files now loaded: 0)
System memory in use before: 83.6 MB.
System memory in use after: 83.7 MB.

Unloading 14 unused Assets to reduce memory usage. Loaded Objects now: 2167.
Total: 1.759200 ms (FindLiveObjects: 0.167100 ms CreateObjectMapping: 0.040100 ms MarkObjects: 1.506600 ms  DeleteObjects: 0.044300 ms)

AssetImportParameters requested are different than current active one (requested -> active):
  custom:framework-win-MediaFoundation: 216162199b28c13a410421893ffa2e32 -> 
  custom:video-decoder-ogg-theora: a1e56fd34408186e4bbccfd4996cb3dc -> 
  custom:container-muxer-webm: aa71ff27fc2769a1b78a27578f13a17b -> 
  custom:container-demuxer-webm: 4f35f7cbe854078d1ac9338744f61a02 -> 
  custom:container-demuxer-ogg: 62fdf1f143b41e24485cea50d1cbac27 -> 
  custom:video-encoder-webm-vp8: eb34c28f22e8b96e1ab97ce403110664 -> 
  custom:video-decoder-webm-vp8: 9c59270c3fd7afecdb556c50c9e8de78 -> 
  custom:audio-decoder-ogg-vorbis: bf7c407c2cedff20999df2af8eb42d56 -> 
  custom:audio-encoder-webm-vorbis: bf7c407c2cedff20999df2af8eb42d56 -> 
========================================================================
Received Import Request.
  Time since last request: 207.074058 seconds.
  path: Assets/Editor/BoardCreatorInspector.cs
  artifactKey: Guid(89a23113f3fd89449aaf4e426e3b79d6) Importer(815301076,1909f56bfc062723c751e8b465ee728b)
Start importing Assets/Editor/BoardCreatorInspector.cs using Guid(89a23113f3fd89449aaf4e426e3b79d6) Importer(815301076,1909f56bfc062723c751e8b465ee728b)  -> (artifact id: '0db4a672caddb60d325298cd1a2c6c8d') in 0.004184 seconds 
  Import took 0.006657 seconds .

========================================================================
Received Import Request.
  Time since last request: 3.452580 seconds.
  path: Assets/Scenes
  artifactKey: Guid(2d1ff3ba4cba5e64fa1f954cb7e7557d) Importer(815301076,1909f56bfc062723c751e8b465ee728b)
Start importing Assets/Scenes using Guid(2d1ff3ba4cba5e64fa1f954cb7e7557d) Importer(815301076,1909f56bfc062723c751e8b465ee728b)  -> (artifact id: '1ba265a01b54949e98801340832abaea') in 0.002204 seconds 
  Import took 0.004651 seconds .

========================================================================
Received Import Request.
  Time since last request: 9.103961 seconds.
  path: Assets/Scenes/BoardCreator.unity
  artifactKey: Guid(9168cc77eaa70d94d803534ad8635303) Importer(815301076,1909f56bfc062723c751e8b465ee728b)
Start importing Assets/Scenes/BoardCreator.unity using Guid(9168cc77eaa70d94d803534ad8635303) Importer(815301076,1909f56bfc062723c751e8b465ee728b)  -> (artifact id: '3584b3a4958fea21858c4958204ed6c2') in 0.007691 seconds 
  Import took 0.010237 seconds .

========================================================================
Received Import Request.
  Time since last request: 0.003197 seconds.
  path: Assets/Scenes/BoardCreator.unity
  artifactKey: Guid(9168cc77eaa70d94d803534ad8635303) Importer(815301076,1909f56bfc062723c751e8b465ee728b)
Start importing Assets/Scenes/BoardCreator.unity using Guid(9168cc77eaa70d94d803534ad8635303) Importer(815301076,1909f56bfc062723c751e8b465ee728b)  -> (artifact id: '3584b3a4958fea21858c4958204ed6c2') in 0.002060 seconds 
  Import took 0.004185 seconds .

========================================================================
Received Import Request.
  Time since last request: 217.828453 seconds.
  path: Assets/Resources/Levels/BoardCreator.asset
  artifactKey: Guid(00fd65b521e4f1b4ebdb6b2674789098) Importer(815301076,1909f56bfc062723c751e8b465ee728b)
Start importing Assets/Resources/Levels/BoardCreator.asset using Guid(00fd65b521e4f1b4ebdb6b2674789098) Importer(815301076,1909f56bfc062723c751e8b465ee728b)  -> (artifact id: 'c1b96abbd31e64fa7f6a069ada27b7e5') in 0.003894 seconds 
  Import took 0.006560 seconds .

========================================================================
Received Import Request.
  Time since last request: 0.015383 seconds.
  path: Assets/Resources/Levels/BoardCreator.asset
  artifactKey: Guid(00fd65b521e4f1b4ebdb6b2674789098) Importer(815301076,1909f56bfc062723c751e8b465ee728b)
Start importing Assets/Resources/Levels/BoardCreator.asset using Guid(00fd65b521e4f1b4ebdb6b2674789098) Importer(815301076,1909f56bfc062723c751e8b465ee728b)  -> (artifact id: 'c1b96abbd31e64fa7f6a069ada27b7e5') in 0.002386 seconds 
  Import took 0.004922 seconds .

AssetImportWorkerClient::OnTransportError - code=2 error=End of file
